[2023-01-09T19:25:11.705] [ERROR] default - Api de mensajes: ValidationError: autor.avatar: Path `autor.avatar` is required., autor.alias: Path `autor.alias` is required., autor.edad: Path `autor.edad` is required., autor.apellido: Path `autor.apellido` is required., autor.nombre: Path `autor.nombre` is required., msj: Path `msj` is required.
[2023-01-09T19:27:33.337] [ERROR] default - Api de mensajes: ValidationError: thumbnail: Path `thumbnail` is required., price: Path `price` is required., title: Path `title` is required.
[2023-01-09T19:27:33.859] [ERROR] default - Api de mensajes: ValidationError: thumbnail: Path `thumbnail` is required., price: Path `price` is required., title: Path `title` is required.
[2023-01-09T19:27:36.136] [ERROR] default - Api de mensajes: ValidationError: thumbnail: Path `thumbnail` is required., price: Path `price` is required., title: Path `title` is required.
[2023-01-10T19:58:21.768] [ERROR] default - Api de mensajes: ValidationError: autor.avatar: Path `autor.avatar` is required., autor.alias: Path `autor.alias` is required., autor.edad: Path `autor.edad` is required., autor.apellido: Path `autor.apellido` is required., autor.nombre: Path `autor.nombre` is required., msj: Path `msj` is required.
[2023-01-10T19:58:23.751] [ERROR] default - Api de mensajes: ValidationError: autor.avatar: Path `autor.avatar` is required., autor.alias: Path `autor.alias` is required., autor.edad: Path `autor.edad` is required., autor.apellido: Path `autor.apellido` is required., autor.nombre: Path `autor.nombre` is required., msj: Path `msj` is required.
[2023-01-10T19:58:24.259] [ERROR] default - Api de mensajes: ValidationError: autor.avatar: Path `autor.avatar` is required., autor.alias: Path `autor.alias` is required., autor.edad: Path `autor.edad` is required., autor.apellido: Path `autor.apellido` is required., autor.nombre: Path `autor.nombre` is required., msj: Path `msj` is required.
[2023-01-10T19:58:24.489] [ERROR] default - Api de mensajes: ValidationError: autor.avatar: Path `autor.avatar` is required., autor.alias: Path `autor.alias` is required., autor.edad: Path `autor.edad` is required., autor.apellido: Path `autor.apellido` is required., autor.nombre: Path `autor.nombre` is required., msj: Path `msj` is required.
[2023-01-10T22:06:34.407] [ERROR] default - Api de mensajes: CastError: Cast to ObjectId failed for value "123" (type string) at path "_id" for model "carritos"
[2023-01-10T22:08:25.300] [ERROR] default - Api de mensajes: CastError: Cast to ObjectId failed for value "123" (type string) at path "_id" for model "carritos"
[2023-01-10T22:08:41.193] [ERROR] default - Api de mensajes: CastError: Cast to ObjectId failed for value "123" (type string) at path "_id" for model "carritos"
[2023-01-12T18:12:15.590] [ERROR] default - Api de mensajes: ValidationError: pic: Path `pic` is required.
[2023-01-12T18:17:40.067] [ERROR] default - Api de mensajes: ValidationError: pic: Path `pic` is required.
[2023-02-01T22:00:36.015] [ERROR] default - Api de mensajes: CastError: Cast to ObjectId failed for value "63" (type number) at path "_id" for model "productos"
[2023-02-01T22:02:50.019] [ERROR] default - Api de mensajes: CastError: Cast to ObjectId failed for value "63" (type number) at path "_id" for model "productos"
[2023-02-01T22:04:06.565] [ERROR] default - Api de mensajes: CastError: Cast to ObjectId failed for value "63" (type number) at path "_id" for model "productos"
[2023-02-01T23:01:11.280] [ERROR] default - Api de mensajes: CastError: Cast to ObjectId failed for value "undefined" (type string) at path "_id" for model "productos"
[2023-02-01T23:01:11.292] [ERROR] default - Api de mensajes: CastError: Cast to ObjectId failed for value "undefined" (type string) at path "_id" for model "productos"
[2023-02-01T23:02:12.923] [ERROR] default - Api de mensajes: CastError: Cast to ObjectId failed for value "undefined" (type string) at path "_id" for model "productos"
[2023-02-01T23:02:12.935] [ERROR] default - Api de mensajes: CastError: Cast to ObjectId failed for value "undefined" (type string) at path "_id" for model "productos"
[2023-02-01T23:06:02.942] [ERROR] default - Api de mensajes: CastError: Cast to ObjectId failed for value "undefined" (type string) at path "_id" for model "productos"
[2023-02-01T23:06:02.950] [ERROR] default - Api de mensajes: CastError: Cast to ObjectId failed for value "undefined" (type string) at path "_id" for model "productos"
[2023-02-01T23:06:02.958] [ERROR] default - Api de mensajes: CastError: Cast to ObjectId failed for value "undefined" (type string) at path "_id" for model "productos"
[2023-02-01T23:14:02.588] [ERROR] default - Api de mensajes: CastError: Cast to ObjectId failed for value "undefined" (type string) at path "_id" for model "productos"
[2023-02-01T23:14:02.602] [ERROR] default - Api de mensajes: CastError: Cast to ObjectId failed for value "undefined" (type string) at path "_id" for model "productos"
[2023-02-01T23:14:57.929] [ERROR] default - Api de mensajes: CastError: Cast to ObjectId failed for value "undefined" (type string) at path "_id" for model "productos"
[2023-02-01T23:14:57.940] [ERROR] default - Api de mensajes: CastError: Cast to ObjectId failed for value "undefined" (type string) at path "_id" for model "productos"
[2023-02-01T23:16:31.242] [ERROR] default - Api de mensajes: CastError: Cast to ObjectId failed for value "undefined" (type string) at path "_id" for model "productos"
[2023-02-01T23:18:29.376] [ERROR] default - Api de mensajes: CastError: Cast to ObjectId failed for value "undefined" (type string) at path "_id" for model "productos"
[2023-02-01T23:18:29.391] [ERROR] default - Api de mensajes: CastError: Cast to ObjectId failed for value "undefined" (type string) at path "_id" for model "productos"
[2023-02-01T23:28:14.578] [ERROR] default - Api de mensajes: CastError: Cast to ObjectId failed for value "undefined" (type string) at path "_id" for model "productos"
[2023-02-01T23:28:14.590] [ERROR] default - Api de mensajes: CastError: Cast to ObjectId failed for value "undefined" (type string) at path "_id" for model "productos"
[2023-02-01T23:29:14.386] [ERROR] default - Api de mensajes: CastError: Cast to ObjectId failed for value "undefined" (type string) at path "_id" for model "productos"
[2023-02-01T23:29:14.397] [ERROR] default - Api de mensajes: CastError: Cast to ObjectId failed for value "undefined" (type string) at path "_id" for model "productos"
[2023-02-01T23:40:35.631] [ERROR] default - Api de mensajes: CastError: Cast to ObjectId failed for value "undefined" (type string) at path "_id" for model "productos"
[2023-02-01T23:40:35.641] [ERROR] default - Api de mensajes: CastError: Cast to ObjectId failed for value "undefined" (type string) at path "_id" for model "productos"
